<?xml version="1.0" encoding="UTF-8"?>
<testsuite name="com.mentoria.helena.confeitaria.ClienteServiceTeste" tests="2" skipped="0" failures="0" errors="0" timestamp="2024-10-04T21:38:28" hostname="PETRUZ" time="0.048">
  <properties/>
  <testcase name="clienteMaisVelho_quandoTemMaisDeUmCliente()" classname="com.mentoria.helena.confeitaria.ClienteServiceTeste" time="0.045"/>
  <testcase name="clienteMaisVelho()" classname="com.mentoria.helena.confeitaria.ClienteServiceTeste" time="0.001"/>
  <system-out><![CDATA[]]></system-out>
  <system-err><![CDATA[]]></system-err>
</testsuite>
