<?xml version="1.0" encoding="UTF-8"?>
<testsuite name="com.mentoria.helena.confeitaria.ConfeitariaApplicationTests" tests="1" skipped="0" failures="0" errors="0" timestamp="2024-09-18T00:56:50" hostname="Leonardos-MacBook-Pro.local" time="0.356">
  <properties/>
  <testcase name="contextLoads()" classname="com.mentoria.helena.confeitaria.ConfeitariaApplicationTests" time="0.356"/>
  <system-out><![CDATA[21:56:50.286 [Test worker] INFO org.springframework.test.context.support.AnnotationConfigContextLoaderUtils -- Could not detect default configuration classes for test class [com.mentoria.helena.confeitaria.ConfeitariaApplicationTests]: ConfeitariaApplicationTests does not declare any static, non-private, non-final, nested classes annotated with @Configuration.
21:56:50.319 [Test worker] INFO org.springframework.boot.test.context.SpringBootTestContextBootstrapper -- Found @SpringBootConfiguration com.mentoria.helena.confeitaria.ConfeitariaApplication for test class com.mentoria.helena.confeitaria.ConfeitariaApplicationTests
  .   ____          _            __ _ _
 /\\ / ___'_ __ _ _(_)_ __  __ _ \ \ \ \
( ( )\___ | '_ | '_| | '_ \/ _` | \ \ \ \
 \\/  ___)| |_)| | | | | || (_| |  ) ) ) )
  '  |____| .__|_| |_|_| |_\__, | / / / /
 =========|_|==============|___/=/_/_/_/

 :: Spring Boot ::                (v3.3.0)

2024-09-17T21:56:50.432-03:00  INFO 49638 --- [Confeitaria] [    Test worker] c.m.h.c.ConfeitariaApplicationTests      : Starting ConfeitariaApplicationTests using Java 21.0.4 with PID 49638 (started by leonardo.alcantara in /Users/leonardo.alcantara/work/workspaces/mentorias/Confeitaria)
2024-09-17T21:56:50.433-03:00  INFO 49638 --- [Confeitaria] [    Test worker] c.m.h.c.ConfeitariaApplicationTests      : No active profile set, falling back to 1 default profile: "default"
2024-09-17T21:56:50.897-03:00  INFO 49638 --- [Confeitaria] [    Test worker] o.s.b.a.e.web.EndpointLinksResolver      : Exposing 1 endpoint beneath base path '/actuator'
2024-09-17T21:56:50.919-03:00  INFO 49638 --- [Confeitaria] [    Test worker] c.m.h.c.ConfeitariaApplicationTests      : Started ConfeitariaApplicationTests in 0.561 seconds (process running for 0.938)
]]></system-out>
  <system-err><![CDATA[WARNING: A Java agent has been loaded dynamically (/Users/leonardo.alcantara/.gradle/caches/modules-2/files-2.1/net.bytebuddy/byte-buddy-agent/1.14.16/4a451ee6484abac3a498df0f3b33ed00a6fced4d/byte-buddy-agent-1.14.16.jar)
WARNING: If a serviceability tool is in use, please run with -XX:+EnableDynamicAgentLoading to hide this warning
WARNING: If a serviceability tool is not in use, please run with -Djdk.instrument.traceUsage for more information
WARNING: Dynamic loading of agents will be disallowed by default in a future release
]]></system-err>
</testsuite>
